

Microchip MPLAB XC8 Assembler V2.31 build 20201012212115 
                                                                                               Tue Jul 20 21:06:30 2021

Microchip MPLAB XC8 C Compiler v2.31 (Free license) build 20201012212115 Og1 
     1                           	processor	16F887
     2                           	pagewidth 120
     3                           	opt	flic
     4                           	psect	idataBANK0,global,class=CODE,delta=2,noexec
     5                           	psect	cinit,global,class=CODE,merge=1,delta=2
     6                           	psect	bssCOMMON,global,class=COMMON,space=1,delta=1,noexec
     7                           	psect	bssBANK0,global,class=BANK0,space=1,delta=1,noexec
     8                           	psect	dataBANK0,global,class=BANK0,space=1,delta=1,noexec
     9                           	psect	inittext,global,class=CODE,delta=2
    10                           	psect	cstackCOMMON,global,class=COMMON,space=1,delta=1,noexec
    11                           	psect	cstackBANK0,global,class=BANK0,space=1,delta=1,noexec
    12                           	psect	maintext,global,class=CODE,split=1,delta=2
    13                           	psect	text1,local,class=CODE,merge=1,delta=2
    14                           	psect	text2,local,class=CODE,merge=1,delta=2
    15                           	psect	text3,local,class=CODE,merge=1,delta=2
    16                           	psect	text4,local,class=CODE,merge=1,delta=2
    17                           	psect	text5,local,class=CODE,merge=1,delta=2
    18                           	psect	text6,local,class=CODE,merge=1,delta=2
    19                           	psect	text7,local,class=CODE,merge=1,delta=2
    20                           	psect	text8,local,class=CODE,merge=1,delta=2
    21                           	psect	text9,local,class=CODE,merge=1,delta=2
    22                           	psect	intentry,global,class=CODE,delta=2
    23                           	psect	text10,local,class=CODE,merge=1,delta=2
    24                           	psect	text11,local,class=CODE,merge=1,delta=2
    25                           	psect	config,global,abs,ovrld,class=CONFIG,space=4,delta=2,noexec
    26                           	dabs	1,0x7E,2
    27  0000                     
    28                           ; Version 2.20
    29                           ; Generated 12/02/2020 GMT
    30                           ; 
    31                           ; Copyright © 2020, Microchip Technology Inc. and its subsidiaries ("Microchip")
    32                           ; All rights reserved.
    33                           ; 
    34                           ; This software is developed by Microchip Technology Inc. and its subsidiaries ("Microch
      +                          ip").
    35                           ; 
    36                           ; Redistribution and use in source and binary forms, with or without modification, are
    37                           ; permitted provided that the following conditions are met:
    38                           ; 
    39                           ;     1. Redistributions of source code must retain the above copyright notice, this lis
      +                          t of
    40                           ;        conditions and the following disclaimer.
    41                           ; 
    42                           ;     2. Redistributions in binary form must reproduce the above copyright notice, this 
      +                          list
    43                           ;        of conditions and the following disclaimer in the documentation and/or other
    44                           ;        materials provided with the distribution.
    45                           ; 
    46                           ;     3. Microchip's name may not be used to endorse or promote products derived from th
      +                          is
    47                           ;        software without specific prior written permission.
    48                           ; 
    49                           ; THIS SOFTWARE IS PROVIDED BY MICROCHIP "AS IS" AND ANY EXPRESS OR IMPLIED WARRANTIES,
    50                           ; INCLUDING, BUT NOT LIMITED TO, THE IMPLIED WARRANTIES OF MERCHANTABILITY AND FITNESS F
      +                          OR
    51                           ; PURPOSE ARE DISCLAIMED.  IN NO EVENT SHALL MICROCHIP BE LIABLE FOR ANY DIRECT, INDIREC
      +                          T,
    52                           ; INCIDENTAL, SPECIAL, EXEMPLARY, OR CONSEQUENTIAL DAMAGES (INCLUDING BUT NOT LIMITED TO
    53                           ; PROCUREMENT OF SUBSTITUTE GOODS OR SERVICES; LOSS OF USE, DATA OR PROFITS; OR BUSINESS
    54                           ; INTERRUPTION) HOWSOEVER CAUSED AND ON ANY THEORY OF LIABILITY, WHETHER IN CONTRACT, ST
      +                          RICT
    55                           ; LIABILITY, OR TORT (INCLUDING NEGLIGENCE OR OTHERWISE) ARISING IN ANY WAY OUT OF THE U
      +                          SE OF
    56                           ; THIS SOFTWARE, EVEN IF ADVISED OF THE POSSIBILITY OF SUCH DAMAGE.
    57                           ; 
    58                           ; 
    59                           ; Code-generator required, PIC16F887 Definitions
    60                           ; 
    61                           ; SFR Addresses
    62  0000                     	;# 
    63  0001                     	;# 
    64  0002                     	;# 
    65  0003                     	;# 
    66  0004                     	;# 
    67  0005                     	;# 
    68  0006                     	;# 
    69  0007                     	;# 
    70  0008                     	;# 
    71  0009                     	;# 
    72  000A                     	;# 
    73  000B                     	;# 
    74  000C                     	;# 
    75  000D                     	;# 
    76  000E                     	;# 
    77  000E                     	;# 
    78  000F                     	;# 
    79  0010                     	;# 
    80  0011                     	;# 
    81  0012                     	;# 
    82  0013                     	;# 
    83  0014                     	;# 
    84  0015                     	;# 
    85  0015                     	;# 
    86  0016                     	;# 
    87  0017                     	;# 
    88  0018                     	;# 
    89  0019                     	;# 
    90  001A                     	;# 
    91  001B                     	;# 
    92  001B                     	;# 
    93  001C                     	;# 
    94  001D                     	;# 
    95  001E                     	;# 
    96  001F                     	;# 
    97  0081                     	;# 
    98  0085                     	;# 
    99  0086                     	;# 
   100  0087                     	;# 
   101  0088                     	;# 
   102  0089                     	;# 
   103  008C                     	;# 
   104  008D                     	;# 
   105  008E                     	;# 
   106  008F                     	;# 
   107  0090                     	;# 
   108  0091                     	;# 
   109  0092                     	;# 
   110  0093                     	;# 
   111  0093                     	;# 
   112  0093                     	;# 
   113  0094                     	;# 
   114  0095                     	;# 
   115  0096                     	;# 
   116  0097                     	;# 
   117  0098                     	;# 
   118  0099                     	;# 
   119  009A                     	;# 
   120  009B                     	;# 
   121  009C                     	;# 
   122  009D                     	;# 
   123  009E                     	;# 
   124  009F                     	;# 
   125  0105                     	;# 
   126  0107                     	;# 
   127  0108                     	;# 
   128  0109                     	;# 
   129  010C                     	;# 
   130  010C                     	;# 
   131  010D                     	;# 
   132  010E                     	;# 
   133  010F                     	;# 
   134  0185                     	;# 
   135  0187                     	;# 
   136  0188                     	;# 
   137  0189                     	;# 
   138  018C                     	;# 
   139  018D                     	;# 
   140  0000                     	;# 
   141  0001                     	;# 
   142  0002                     	;# 
   143  0003                     	;# 
   144  0004                     	;# 
   145  0005                     	;# 
   146  0006                     	;# 
   147  0007                     	;# 
   148  0008                     	;# 
   149  0009                     	;# 
   150  000A                     	;# 
   151  000B                     	;# 
   152  000C                     	;# 
   153  000D                     	;# 
   154  000E                     	;# 
   155  000E                     	;# 
   156  000F                     	;# 
   157  0010                     	;# 
   158  0011                     	;# 
   159  0012                     	;# 
   160  0013                     	;# 
   161  0014                     	;# 
   162  0015                     	;# 
   163  0015                     	;# 
   164  0016                     	;# 
   165  0017                     	;# 
   166  0018                     	;# 
   167  0019                     	;# 
   168  001A                     	;# 
   169  001B                     	;# 
   170  001B                     	;# 
   171  001C                     	;# 
   172  001D                     	;# 
   173  001E                     	;# 
   174  001F                     	;# 
   175  0081                     	;# 
   176  0085                     	;# 
   177  0086                     	;# 
   178  0087                     	;# 
   179  0088                     	;# 
   180  0089                     	;# 
   181  008C                     	;# 
   182  008D                     	;# 
   183  008E                     	;# 
   184  008F                     	;# 
   185  0090                     	;# 
   186  0091                     	;# 
   187  0092                     	;# 
   188  0093                     	;# 
   189  0093                     	;# 
   190  0093                     	;# 
   191  0094                     	;# 
   192  0095                     	;# 
   193  0096                     	;# 
   194  0097                     	;# 
   195  0098                     	;# 
   196  0099                     	;# 
   197  009A                     	;# 
   198  009B                     	;# 
   199  009C                     	;# 
   200  009D                     	;# 
   201  009E                     	;# 
   202  009F                     	;# 
   203  0105                     	;# 
   204  0107                     	;# 
   205  0108                     	;# 
   206  0109                     	;# 
   207  010C                     	;# 
   208  010C                     	;# 
   209  010D                     	;# 
   210  010E                     	;# 
   211  010F                     	;# 
   212  0185                     	;# 
   213  0187                     	;# 
   214  0188                     	;# 
   215  0189                     	;# 
   216  018C                     	;# 
   217  018D                     	;# 
   218  0000                     	;# 
   219  0001                     	;# 
   220  0002                     	;# 
   221  0003                     	;# 
   222  0004                     	;# 
   223  0005                     	;# 
   224  0006                     	;# 
   225  0007                     	;# 
   226  0008                     	;# 
   227  0009                     	;# 
   228  000A                     	;# 
   229  000B                     	;# 
   230  000C                     	;# 
   231  000D                     	;# 
   232  000E                     	;# 
   233  000E                     	;# 
   234  000F                     	;# 
   235  0010                     	;# 
   236  0011                     	;# 
   237  0012                     	;# 
   238  0013                     	;# 
   239  0014                     	;# 
   240  0015                     	;# 
   241  0015                     	;# 
   242  0016                     	;# 
   243  0017                     	;# 
   244  0018                     	;# 
   245  0019                     	;# 
   246  001A                     	;# 
   247  001B                     	;# 
   248  001B                     	;# 
   249  001C                     	;# 
   250  001D                     	;# 
   251  001E                     	;# 
   252  001F                     	;# 
   253  0081                     	;# 
   254  0085                     	;# 
   255  0086                     	;# 
   256  0087                     	;# 
   257  0088                     	;# 
   258  0089                     	;# 
   259  008C                     	;# 
   260  008D                     	;# 
   261  008E                     	;# 
   262  008F                     	;# 
   263  0090                     	;# 
   264  0091                     	;# 
   265  0092                     	;# 
   266  0093                     	;# 
   267  0093                     	;# 
   268  0093                     	;# 
   269  0094                     	;# 
   270  0095                     	;# 
   271  0096                     	;# 
   272  0097                     	;# 
   273  0098                     	;# 
   274  0099                     	;# 
   275  009A                     	;# 
   276  009B                     	;# 
   277  009C                     	;# 
   278  009D                     	;# 
   279  009E                     	;# 
   280  009F                     	;# 
   281  0105                     	;# 
   282  0107                     	;# 
   283  0108                     	;# 
   284  0109                     	;# 
   285  010C                     	;# 
   286  010C                     	;# 
   287  010D                     	;# 
   288  010E                     	;# 
   289  010F                     	;# 
   290  0185                     	;# 
   291  0187                     	;# 
   292  0188                     	;# 
   293  0189                     	;# 
   294  018C                     	;# 
   295  018D                     	;# 
   296  0000                     	;# 
   297  0001                     	;# 
   298  0002                     	;# 
   299  0003                     	;# 
   300  0004                     	;# 
   301  0005                     	;# 
   302  0006                     	;# 
   303  0007                     	;# 
   304  0008                     	;# 
   305  0009                     	;# 
   306  000A                     	;# 
   307  000B                     	;# 
   308  000C                     	;# 
   309  000D                     	;# 
   310  000E                     	;# 
   311  000E                     	;# 
   312  000F                     	;# 
   313  0010                     	;# 
   314  0011                     	;# 
   315  0012                     	;# 
   316  0013                     	;# 
   317  0014                     	;# 
   318  0015                     	;# 
   319  0015                     	;# 
   320  0016                     	;# 
   321  0017                     	;# 
   322  0018                     	;# 
   323  0019                     	;# 
   324  001A                     	;# 
   325  001B                     	;# 
   326  001B                     	;# 
   327  001C                     	;# 
   328  001D                     	;# 
   329  001E                     	;# 
   330  001F                     	;# 
   331  0081                     	;# 
   332  0085                     	;# 
   333  0086                     	;# 
   334  0087                     	;# 
   335  0088                     	;# 
   336  0089                     	;# 
   337  008C                     	;# 
   338  008D                     	;# 
   339  008E                     	;# 
   340  008F                     	;# 
   341  0090                     	;# 
   342  0091                     	;# 
   343  0092                     	;# 
   344  0093                     	;# 
   345  0093                     	;# 
   346  0093                     	;# 
   347  0094                     	;# 
   348  0095                     	;# 
   349  0096                     	;# 
   350  0097                     	;# 
   351  0098                     	;# 
   352  0099                     	;# 
   353  009A                     	;# 
   354  009B                     	;# 
   355  009C                     	;# 
   356  009D                     	;# 
   357  009E                     	;# 
   358  009F                     	;# 
   359  0105                     	;# 
   360  0107                     	;# 
   361  0108                     	;# 
   362  0109                     	;# 
   363  010C                     	;# 
   364  010C                     	;# 
   365  010D                     	;# 
   366  010E                     	;# 
   367  010F                     	;# 
   368  0185                     	;# 
   369  0187                     	;# 
   370  0188                     	;# 
   371  0189                     	;# 
   372  018C                     	;# 
   373  018D                     	;# 
   374                           
   375                           	psect	idataBANK0
   376  0158                     __pidataBANK0:
   377                           
   378                           ;initializer for _tabla
   379  0158  343F               	retlw	63
   380  0159  3406               	retlw	6
   381  015A  345B               	retlw	91
   382  015B  344F               	retlw	79
   383  015C  3466               	retlw	102
   384  015D  346D               	retlw	109
   385  015E  347D               	retlw	125
   386  015F  3407               	retlw	7
   387  0160  347F               	retlw	127
   388  0161  3467               	retlw	103
   389  0162  3477               	retlw	119
   390  0163  347C               	retlw	124
   391  0164  3439               	retlw	57
   392  0165  345E               	retlw	94
   393  0166  3479               	retlw	121
   394  0167  3471               	retlw	113
   395  0005                     _PORTA	set	5
   396  0006                     _PORTB	set	6
   397  0006                     _PORTBbits	set	6
   398  0001                     _TMR0	set	1
   399  0009                     _PORTEbits	set	9
   400  0008                     _PORTD	set	8
   401  0009                     _PORTE	set	9
   402  001E                     _ADRESH	set	30
   403  000C                     _PIR1bits	set	12
   404  000B                     _INTCONbits	set	11
   405  0005                     _PORTAbits	set	5
   406  0007                     _PORTC	set	7
   407  001F                     _ADCON0bits	set	31
   408  0096                     _IOCB	set	150
   409  008C                     _PIE1bits	set	140
   410  009F                     _ADCON1bits	set	159
   411  0095                     _WPUB	set	149
   412  0081                     _OPTION_REGbits	set	129
   413  0086                     _TRISB	set	134
   414  0089                     _TRISE	set	137
   415  0088                     _TRISD	set	136
   416  0087                     _TRISC	set	135
   417  0085                     _TRISA	set	133
   418  008F                     _OSCCONbits	set	143
   419  0189                     _ANSELH	set	393
   420  0188                     _ANSEL	set	392
   421                           
   422                           	psect	cinit
   423  000F                     start_initialization:	
   424                           ; #config settings
   425                           
   426  000F                     __initialization:
   427                           
   428                           ; Initialize objects allocated to BANK0
   429  000F  1383               	bcf	3,7	;select IRP bank0
   430  0010  3030               	movlw	low (__pdataBANK0+16)
   431  0011  00FD               	movwf	btemp+-1
   432  0012  3001               	movlw	high __pidataBANK0
   433  0013  00FE               	movwf	btemp
   434  0014  3058               	movlw	low __pidataBANK0
   435  0015  00FF               	movwf	btemp+1
   436  0016  3020               	movlw	low __pdataBANK0
   437  0017  0084               	movwf	4
   438  0018  120A  118A  2124  120A  118A  	fcall	init_ram0
   439                           
   440                           ; Clear objects allocated to BANK0
   441  001D  01B0               	clrf	__pbssBANK0& (0+127)
   442  001E  01B1               	clrf	(__pbssBANK0+1)& (0+127)
   443  001F  01B2               	clrf	(__pbssBANK0+2)& (0+127)
   444  0020  01B3               	clrf	(__pbssBANK0+3)& (0+127)
   445  0021  01B4               	clrf	(__pbssBANK0+4)& (0+127)
   446  0022  01B5               	clrf	(__pbssBANK0+5)& (0+127)
   447  0023  01B6               	clrf	(__pbssBANK0+6)& (0+127)
   448                           
   449                           ; Clear objects allocated to COMMON
   450  0024  01F0               	clrf	__pbssCOMMON& (0+127)
   451  0025  01F1               	clrf	(__pbssCOMMON+1)& (0+127)
   452  0026  01F2               	clrf	(__pbssCOMMON+2)& (0+127)
   453  0027  01F3               	clrf	(__pbssCOMMON+3)& (0+127)
   454  0028  01F4               	clrf	(__pbssCOMMON+4)& (0+127)
   455  0029  01F5               	clrf	(__pbssCOMMON+5)& (0+127)
   456  002A                     end_of_initialization:	
   457                           ;End of C runtime variable initialization code
   458                           
   459  002A                     __end_of__initialization:
   460  002A  0183               	clrf	3
   461  002B  120A  118A  288F   	ljmp	_main	;jump to C main() function
   462                           
   463                           	psect	bssCOMMON
   464  0070                     __pbssCOMMON:
   465  0070                     _bandera_disp:
   466  0070                     	ds	1
   467  0071                     _nibble_superior:
   468  0071                     	ds	1
   469  0072                     _nibble_inferior:
   470  0072                     	ds	1
   471  0073                     _cen_display:
   472  0073                     	ds	1
   473  0074                     _dec_display:
   474  0074                     	ds	1
   475  0075                     _var_temp:
   476  0075                     	ds	1
   477                           
   478                           	psect	bssBANK0
   479  0030                     __pbssBANK0:
   480  0030                     _display_1:
   481  0030                     	ds	1
   482  0031                     _bandera:
   483  0031                     	ds	1
   484  0032                     _bandera_tit:
   485  0032                     	ds	1
   486  0033                     _centenas:
   487  0033                     	ds	1
   488  0034                     _decenas:
   489  0034                     	ds	1
   490  0035                     _unidades:
   491  0035                     	ds	1
   492  0036                     _decenas_temp:
   493  0036                     	ds	1
   494                           
   495                           	psect	dataBANK0
   496  0020                     __pdataBANK0:
   497  0020                     _tabla:
   498  0020                     	ds	16
   499                           
   500                           	psect	inittext
   501  0120                     init_fetch0:	
   502                           ;	Called with low address in FSR and high address in W
   503                           
   504  0120  087E               	movf	btemp,w
   505  0121  008A               	movwf	10
   506  0122  087F               	movf	btemp+1,w
   507  0123  0082               	movwf	2
   508  0124                     init_ram0:	
   509                           ;Called with:
   510                           ;	high address of idata address in btemp 
   511                           ;	low address of idata address in btemp+1 
   512                           ;	low address of data in FSR
   513                           ;	high address + 1 of data in btemp-1
   514                           
   515  0124  120A  118A  2120  120A  118A  	fcall	init_fetch0
   516  0129  0080               	movwf	0
   517  012A  0A84               	incf	4,f
   518  012B  0804               	movf	4,w
   519  012C  067D               	xorwf	btemp+-1,w
   520  012D  1903               	btfsc	3,2
   521  012E  3400               	retlw	0
   522  012F  0AFF               	incf	btemp+1,f
   523  0130  1903               	btfsc	3,2
   524  0131  0AFE               	incf	btemp,f
   525  0132  2924               	goto	init_ram0
   526                           
   527                           	psect	cstackCOMMON
   528  0076                     __pcstackCOMMON:
   529  0076                     ?_setup:
   530  0076                     ?_start_ADC:	
   531                           ; 1 bytes @ 0x0
   532                           
   533  0076                     ?_contador:	
   534                           ; 1 bytes @ 0x0
   535                           
   536  0076                     ?_config_reloj:	
   537                           ; 1 bytes @ 0x0
   538                           
   539  0076                     ?_config_io:	
   540                           ; 1 bytes @ 0x0
   541                           
   542  0076                     ?_config_int_enable:	
   543                           ; 1 bytes @ 0x0
   544                           
   545  0076                     ?_config_timer0:	
   546                           ; 1 bytes @ 0x0
   547                           
   548  0076                     ?_display_hex:	
   549                           ; 1 bytes @ 0x0
   550                           
   551  0076                     ?_TMR0_interrupt:	
   552                           ; 1 bytes @ 0x0
   553                           
   554  0076                     ??_TMR0_interrupt:	
   555                           ; 1 bytes @ 0x0
   556                           
   557  0076                     ?_IOCB_interrupt:	
   558                           ; 1 bytes @ 0x0
   559                           
   560  0076                     ??_IOCB_interrupt:	
   561                           ; 1 bytes @ 0x0
   562                           
   563  0076                     ?_main:	
   564                           ; 1 bytes @ 0x0
   565                           
   566  0076                     ?_isr:	
   567                           ; 1 bytes @ 0x0
   568                           
   569                           
   570                           ; 1 bytes @ 0x0
   571  0076                     	ds	1
   572  0077                     ??_isr:
   573                           
   574                           ; 1 bytes @ 0x1
   575  0077                     	ds	3
   576  007A                     ??_setup:
   577  007A                     ??_config_reloj:	
   578                           ; 1 bytes @ 0x4
   579                           
   580  007A                     ??_config_int_enable:	
   581                           ; 1 bytes @ 0x4
   582                           
   583  007A                     ??_config_timer0:	
   584                           ; 1 bytes @ 0x4
   585                           
   586  007A                     ??_main:	
   587                           ; 1 bytes @ 0x4
   588                           
   589                           
   590                           	psect	cstackBANK0
   591  0037                     __pcstackBANK0:	
   592                           ; 1 bytes @ 0x4
   593                           
   594  0037                     ??_start_ADC:
   595  0037                     ??_config_io:	
   596                           ; 1 bytes @ 0x0
   597                           
   598  0037                     ??_display_hex:	
   599                           ; 1 bytes @ 0x0
   600                           
   601                           
   602                           ; 1 bytes @ 0x0
   603  0037                     	ds	1
   604  0038                     start_ADC@channel:
   605  0038                     display_hex@var_temp:	
   606                           ; 1 bytes @ 0x1
   607                           
   608                           
   609                           ; 1 bytes @ 0x1
   610  0038                     	ds	1
   611  0039                     ??_contador:
   612                           
   613                           ; 1 bytes @ 0x2
   614  0039                     	ds	2
   615                           
   616                           	psect	maintext
   617  008F                     __pmaintext:	
   618 ;;
   619 ;;Main: autosize = 0, tempsize = 0, incstack = 0, save=0
   620 ;;
   621 ;; *************** function _main *****************
   622 ;; Defined at:
   623 ;;		line 99 in file "lab1_main.c"
   624 ;; Parameters:    Size  Location     Type
   625 ;;		None
   626 ;; Auto vars:     Size  Location     Type
   627 ;;		None
   628 ;; Return value:  Size  Location     Type
   629 ;;                  1    wreg      void 
   630 ;; Registers used:
   631 ;;		wreg, fsr0l, fsr0h, status,2, status,0, pclath, cstack
   632 ;; Tracked objects:
   633 ;;		On entry : B00/0
   634 ;;		On exit  : 0/0
   635 ;;		Unchanged: 0/0
   636 ;; Data sizes:     COMMON   BANK0   BANK1   BANK3   BANK2
   637 ;;      Params:         0       0       0       0       0
   638 ;;      Locals:         0       0       0       0       0
   639 ;;      Temps:          0       0       0       0       0
   640 ;;      Totals:         0       0       0       0       0
   641 ;;Total ram usage:        0 bytes
   642 ;; Hardware stack levels required when called:    4
   643 ;; This function calls:
   644 ;;		_contador
   645 ;;		_setup
   646 ;;		_start_ADC
   647 ;; This function is called by:
   648 ;;		Startup code after reset
   649 ;; This function uses a non-reentrant model
   650 ;;
   651                           
   652                           
   653                           ;psect for function _main
   654  008F                     _main:
   655  008F                     l1072:	
   656                           ;incstack = 0
   657                           ; Regs used in _main: [wreg-fsr0h+status,2+status,0+pclath+cstack]
   658                           
   659                           
   660                           ;lab1_main.c: 101:     setup();
   661  008F  120A  118A  210B  120A  118A  	fcall	_setup
   662  0094                     l1074:
   663                           
   664                           ;lab1_main.c: 102:     ADCON0bits.GO = 1;
   665  0094  1283               	bcf	3,5	;RP0=0, select bank0
   666  0095  1303               	bcf	3,6	;RP1=0, select bank0
   667  0096  149F               	bsf	31,1	;volatile
   668  0097                     l1076:
   669                           
   670                           ;lab1_main.c: 106:         if(var_temp>PORTC){
   671  0097  0875               	movf	_var_temp,w
   672  0098  1283               	bcf	3,5	;RP0=0, select bank0
   673  0099  1303               	bcf	3,6	;RP1=0, select bank0
   674  009A  0207               	subwf	7,w	;volatile
   675  009B  1803               	skipnc
   676  009C  289E               	goto	u151
   677  009D  289F               	goto	u150
   678  009E                     u151:
   679  009E  28A3               	goto	l1080
   680  009F                     u150:
   681  009F                     l1078:
   682                           
   683                           ;lab1_main.c: 107:             bandera_tit = 1;
   684  009F  01B2               	clrf	_bandera_tit
   685  00A0  0AB2               	incf	_bandera_tit,f
   686                           
   687                           ;lab1_main.c: 108:             PORTAbits.RA6 = 1;
   688  00A1  1705               	bsf	5,6	;volatile
   689                           
   690                           ;lab1_main.c: 110:         }else{
   691  00A2  28A5               	goto	l1084
   692  00A3                     l1080:
   693                           
   694                           ;lab1_main.c: 111:             bandera_tit = 0;
   695  00A3  01B2               	clrf	_bandera_tit
   696  00A4                     l1082:
   697                           
   698                           ;lab1_main.c: 112:             PORTAbits.RA6 = 0;
   699  00A4  1305               	bcf	5,6	;volatile
   700  00A5                     l1084:
   701                           
   702                           ;lab1_main.c: 116:         start_ADC(0x00);
   703  00A5  3000               	movlw	0
   704  00A6  120A  118A  20D8  120A  118A  	fcall	_start_ADC
   705  00AB                     l1086:
   706                           
   707                           ;lab1_main.c: 119:         contador();
   708  00AB  120A  118A  2060  120A  118A  	fcall	_contador
   709  00B0  2897               	goto	l1076
   710  00B1  120A  118A  280C   	ljmp	start
   711  00B4                     __end_of_main:
   712                           
   713                           	psect	text1
   714  00D8                     __ptext1:	
   715 ;; *************** function _start_ADC *****************
   716 ;; Defined at:
   717 ;;		line 4 in file "my_ADC.c"
   718 ;; Parameters:    Size  Location     Type
   719 ;;  channel         1    wreg     unsigned char 
   720 ;; Auto vars:     Size  Location     Type
   721 ;;  channel         1    1[BANK0 ] unsigned char 
   722 ;; Return value:  Size  Location     Type
   723 ;;                  1    wreg      void 
   724 ;; Registers used:
   725 ;;		wreg, status,2, status,0
   726 ;; Tracked objects:
   727 ;;		On entry : 0/0
   728 ;;		On exit  : 0/0
   729 ;;		Unchanged: 0/0
   730 ;; Data sizes:     COMMON   BANK0   BANK1   BANK3   BANK2
   731 ;;      Params:         0       0       0       0       0
   732 ;;      Locals:         0       1       0       0       0
   733 ;;      Temps:          0       1       0       0       0
   734 ;;      Totals:         0       2       0       0       0
   735 ;;Total ram usage:        2 bytes
   736 ;; Hardware stack levels used:    1
   737 ;; Hardware stack levels required when called:    2
   738 ;; This function calls:
   739 ;;		Nothing
   740 ;; This function is called by:
   741 ;;		_main
   742 ;; This function uses a non-reentrant model
   743 ;;
   744                           
   745                           
   746                           ;psect for function _start_ADC
   747  00D8                     _start_ADC:
   748                           
   749                           ;incstack = 0
   750                           ; Regs used in _start_ADC: [wreg+status,2+status,0]
   751                           ;start_ADC@channel stored from wreg
   752  00D8  1283               	bcf	3,5	;RP0=0, select bank0
   753  00D9  1303               	bcf	3,6	;RP1=0, select bank0
   754  00DA  00B8               	movwf	start_ADC@channel
   755  00DB                     l1054:
   756                           
   757                           ;my_ADC.c: 7:     if(ADCON0bits.GO == 0){
   758  00DB  189F               	btfsc	31,1	;volatile
   759  00DC  28DE               	goto	u131
   760  00DD  28DF               	goto	u130
   761  00DE                     u131:
   762  00DE  28F2               	goto	l155
   763  00DF                     u130:
   764  00DF                     l1056:
   765                           
   766                           ;my_ADC.c: 8:         ADCON0bits.CHS=channel;
   767  00DF  0838               	movf	start_ADC@channel,w
   768  00E0  00B7               	movwf	??_start_ADC
   769  00E1  0DB7               	rlf	??_start_ADC,f
   770  00E2  0DB7               	rlf	??_start_ADC,f
   771  00E3  081F               	movf	31,w	;volatile
   772  00E4  0637               	xorwf	??_start_ADC,w
   773  00E5  39C3               	andlw	-61
   774  00E6  0637               	xorwf	??_start_ADC,w
   775  00E7  009F               	movwf	31	;volatile
   776  00E8                     l1058:
   777                           
   778                           ;my_ADC.c: 9:         _delay((unsigned long)((50)*(4000000/4000000.0)));
   779  00E8  300F               	movlw	15
   780  00E9  1283               	bcf	3,5	;RP0=0, select bank0
   781  00EA  1303               	bcf	3,6	;RP1=0, select bank0
   782  00EB  00B7               	movwf	??_start_ADC
   783  00EC                     u167:
   784  00EC  0BB7               	decfsz	??_start_ADC,f
   785  00ED  28EC               	goto	u167
   786  00EE  28EF               	nop2
   787  00EF                     l1060:
   788                           
   789                           ;my_ADC.c: 10:         ADCON0bits.GO = 1;
   790  00EF  1283               	bcf	3,5	;RP0=0, select bank0
   791  00F0  1303               	bcf	3,6	;RP1=0, select bank0
   792  00F1  149F               	bsf	31,1	;volatile
   793  00F2                     l155:
   794  00F2  0008               	return
   795  00F3                     __end_of_start_ADC:
   796                           
   797                           	psect	text2
   798  010B                     __ptext2:	
   799 ;; *************** function _setup *****************
   800 ;; Defined at:
   801 ;;		line 126 in file "lab1_main.c"
   802 ;; Parameters:    Size  Location     Type
   803 ;;		None
   804 ;; Auto vars:     Size  Location     Type
   805 ;;		None
   806 ;; Return value:  Size  Location     Type
   807 ;;                  1    wreg      void 
   808 ;; Registers used:
   809 ;;		wreg, status,2, status,0, pclath, cstack
   810 ;; Tracked objects:
   811 ;;		On entry : 0/0
   812 ;;		On exit  : 0/0
   813 ;;		Unchanged: 0/0
   814 ;; Data sizes:     COMMON   BANK0   BANK1   BANK3   BANK2
   815 ;;      Params:         0       0       0       0       0
   816 ;;      Locals:         0       0       0       0       0
   817 ;;      Temps:          0       0       0       0       0
   818 ;;      Totals:         0       0       0       0       0
   819 ;;Total ram usage:        0 bytes
   820 ;; Hardware stack levels used:    1
   821 ;; Hardware stack levels required when called:    3
   822 ;; This function calls:
   823 ;;		_config_int_enable
   824 ;;		_config_io
   825 ;;		_config_reloj
   826 ;;		_config_timer0
   827 ;; This function is called by:
   828 ;;		_main
   829 ;; This function uses a non-reentrant model
   830 ;;
   831                           
   832                           
   833                           ;psect for function _setup
   834  010B                     _setup:
   835  010B                     l1044:	
   836                           ;incstack = 0
   837                           ; Regs used in _setup: [wreg+status,2+status,0+pclath+cstack]
   838                           
   839                           
   840                           ;lab1_main.c: 128:     config_reloj();
   841  010B  120A  118A  2182  120A  118A  	fcall	_config_reloj
   842  0110                     l1046:
   843                           
   844                           ;lab1_main.c: 129:     config_io();
   845  0110  120A  118A  202E  120A  118A  	fcall	_config_io
   846  0115                     l1048:
   847                           
   848                           ;lab1_main.c: 130:     config_int_enable();
   849  0115  120A  118A  2146  120A  118A  	fcall	_config_int_enable
   850  011A                     l1050:
   851                           
   852                           ;lab1_main.c: 131:     config_timer0();
   853  011A  120A  118A  2168  120A  118A  	fcall	_config_timer0
   854  011F                     l113:
   855  011F  0008               	return
   856  0120                     __end_of_setup:
   857                           
   858                           	psect	text3
   859  0168                     __ptext3:	
   860 ;; *************** function _config_timer0 *****************
   861 ;; Defined at:
   862 ;;		line 277 in file "lab1_main.c"
   863 ;; Parameters:    Size  Location     Type
   864 ;;		None
   865 ;; Auto vars:     Size  Location     Type
   866 ;;		None
   867 ;; Return value:  Size  Location     Type
   868 ;;                  1    wreg      void 
   869 ;; Registers used:
   870 ;;		wreg
   871 ;; Tracked objects:
   872 ;;		On entry : 0/0
   873 ;;		On exit  : 0/0
   874 ;;		Unchanged: 0/0
   875 ;; Data sizes:     COMMON   BANK0   BANK1   BANK3   BANK2
   876 ;;      Params:         0       0       0       0       0
   877 ;;      Locals:         0       0       0       0       0
   878 ;;      Temps:          0       0       0       0       0
   879 ;;      Totals:         0       0       0       0       0
   880 ;;Total ram usage:        0 bytes
   881 ;; Hardware stack levels used:    1
   882 ;; Hardware stack levels required when called:    2
   883 ;; This function calls:
   884 ;;		Nothing
   885 ;; This function is called by:
   886 ;;		_setup
   887 ;; This function uses a non-reentrant model
   888 ;;
   889                           
   890                           
   891                           ;psect for function _config_timer0
   892  0168                     _config_timer0:
   893  0168                     l946:	
   894                           ;incstack = 0
   895                           ; Regs used in _config_timer0: [wreg]
   896                           
   897                           
   898                           ;lab1_main.c: 279:     OPTION_REGbits.T0CS = 0;
   899  0168  1683               	bsf	3,5	;RP0=1, select bank1
   900  0169  1303               	bcf	3,6	;RP1=0, select bank1
   901  016A  1281               	bcf	1,5	;volatile
   902                           
   903                           ;lab1_main.c: 280:     OPTION_REGbits.PSA = 0;
   904  016B  1181               	bcf	1,3	;volatile
   905                           
   906                           ;lab1_main.c: 281:     OPTION_REGbits.PS2 = 1;
   907  016C  1501               	bsf	1,2	;volatile
   908                           
   909                           ;lab1_main.c: 282:     OPTION_REGbits.PS1 = 1;
   910  016D  1481               	bsf	1,1	;volatile
   911                           
   912                           ;lab1_main.c: 283:     OPTION_REGbits.PS0 = 1;
   913  016E  1401               	bsf	1,0	;volatile
   914  016F                     l948:
   915                           
   916                           ;lab1_main.c: 285:     TMR0 = 235;
   917  016F  30EB               	movlw	235
   918  0170  1283               	bcf	3,5	;RP0=0, select bank0
   919  0171  1303               	bcf	3,6	;RP1=0, select bank0
   920  0172  0081               	movwf	1	;volatile
   921  0173                     l950:
   922                           
   923                           ;lab1_main.c: 286:     INTCONbits.T0IF = 0;
   924  0173  110B               	bcf	11,2	;volatile
   925  0174                     l147:
   926  0174  0008               	return
   927  0175                     __end_of_config_timer0:
   928                           
   929                           	psect	text4
   930  0182                     __ptext4:	
   931 ;; *************** function _config_reloj *****************
   932 ;; Defined at:
   933 ;;		line 211 in file "lab1_main.c"
   934 ;; Parameters:    Size  Location     Type
   935 ;;		None
   936 ;; Auto vars:     Size  Location     Type
   937 ;;		None
   938 ;; Return value:  Size  Location     Type
   939 ;;                  1    wreg      void 
   940 ;; Registers used:
   941 ;;		None
   942 ;; Tracked objects:
   943 ;;		On entry : 0/0
   944 ;;		On exit  : 0/0
   945 ;;		Unchanged: 0/0
   946 ;; Data sizes:     COMMON   BANK0   BANK1   BANK3   BANK2
   947 ;;      Params:         0       0       0       0       0
   948 ;;      Locals:         0       0       0       0       0
   949 ;;      Temps:          0       0       0       0       0
   950 ;;      Totals:         0       0       0       0       0
   951 ;;Total ram usage:        0 bytes
   952 ;; Hardware stack levels used:    1
   953 ;; Hardware stack levels required when called:    2
   954 ;; This function calls:
   955 ;;		Nothing
   956 ;; This function is called by:
   957 ;;		_setup
   958 ;; This function uses a non-reentrant model
   959 ;;
   960                           
   961                           
   962                           ;psect for function _config_reloj
   963  0182                     _config_reloj:
   964  0182                     l902:	
   965                           ;incstack = 0
   966                           ; Regs used in _config_reloj: []
   967                           
   968                           
   969                           ;lab1_main.c: 213:     OSCCONbits.IRCF2 =1 ;
   970  0182  1683               	bsf	3,5	;RP0=1, select bank1
   971  0183  1303               	bcf	3,6	;RP1=0, select bank1
   972  0184  170F               	bsf	15,6	;volatile
   973                           
   974                           ;lab1_main.c: 214:     OSCCONbits.IRCF1 =1 ;
   975  0185  168F               	bsf	15,5	;volatile
   976                           
   977                           ;lab1_main.c: 215:     OSCCONbits.IRCF0 =0 ;
   978  0186  120F               	bcf	15,4	;volatile
   979                           
   980                           ;lab1_main.c: 216:     OSCCONbits.SCS = 1;
   981  0187  140F               	bsf	15,0	;volatile
   982  0188                     l138:	
   983                           ;lab1_main.c: 218:     return;
   984                           
   985  0188  0008               	return
   986  0189                     __end_of_config_reloj:
   987                           
   988                           	psect	text5
   989  002E                     __ptext5:	
   990 ;; *************** function _config_io *****************
   991 ;; Defined at:
   992 ;;		line 221 in file "lab1_main.c"
   993 ;; Parameters:    Size  Location     Type
   994 ;;		None
   995 ;; Auto vars:     Size  Location     Type
   996 ;;		None
   997 ;; Return value:  Size  Location     Type
   998 ;;                  1    wreg      void 
   999 ;; Registers used:
  1000 ;;		wreg, status,2, status,0
  1001 ;; Tracked objects:
  1002 ;;		On entry : 0/0
  1003 ;;		On exit  : 0/0
  1004 ;;		Unchanged: 0/0
  1005 ;; Data sizes:     COMMON   BANK0   BANK1   BANK3   BANK2
  1006 ;;      Params:         0       0       0       0       0
  1007 ;;      Locals:         0       0       0       0       0
  1008 ;;      Temps:          0       1       0       0       0
  1009 ;;      Totals:         0       1       0       0       0
  1010 ;;Total ram usage:        1 bytes
  1011 ;; Hardware stack levels used:    1
  1012 ;; Hardware stack levels required when called:    2
  1013 ;; This function calls:
  1014 ;;		Nothing
  1015 ;; This function is called by:
  1016 ;;		_setup
  1017 ;; This function uses a non-reentrant model
  1018 ;;
  1019                           
  1020                           
  1021                           ;psect for function _config_io
  1022  002E                     _config_io:
  1023  002E                     l1004:	
  1024                           ;incstack = 0
  1025                           ; Regs used in _config_io: [wreg+status,2+status,0]
  1026                           
  1027                           
  1028                           ;lab1_main.c: 223:     ANSEL = 0x03;
  1029  002E  3003               	movlw	3
  1030  002F  1683               	bsf	3,5	;RP0=1, select bank3
  1031  0030  1703               	bsf	3,6	;RP1=1, select bank3
  1032  0031  0088               	movwf	8	;volatile
  1033  0032                     l1006:
  1034                           
  1035                           ;lab1_main.c: 224:     ANSELH = 0x00;
  1036  0032  0189               	clrf	9	;volatile
  1037  0033                     l1008:
  1038                           
  1039                           ;lab1_main.c: 226:     TRISA = 0x03;
  1040  0033  3003               	movlw	3
  1041  0034  1683               	bsf	3,5	;RP0=1, select bank1
  1042  0035  1303               	bcf	3,6	;RP1=0, select bank1
  1043  0036  0085               	movwf	5	;volatile
  1044                           
  1045                           ;lab1_main.c: 227:     TRISC = 0x00;
  1046  0037  0187               	clrf	7	;volatile
  1047                           
  1048                           ;lab1_main.c: 228:     TRISD = 0x00;
  1049  0038  0188               	clrf	8	;volatile
  1050                           
  1051                           ;lab1_main.c: 229:     TRISE = 0x00;
  1052  0039  0189               	clrf	9	;volatile
  1053  003A                     l1010:
  1054                           
  1055                           ;lab1_main.c: 230:     TRISB = 0x03;
  1056  003A  3003               	movlw	3
  1057  003B  0086               	movwf	6	;volatile
  1058  003C                     l1012:
  1059                           
  1060                           ;lab1_main.c: 232:     OPTION_REGbits.nRBPU = 0 ;
  1061  003C  1381               	bcf	1,7	;volatile
  1062  003D                     l1014:
  1063                           
  1064                           ;lab1_main.c: 233:     WPUB = 0x03;
  1065  003D  3003               	movlw	3
  1066  003E  0095               	movwf	21	;volatile
  1067  003F                     l1016:
  1068                           
  1069                           ;lab1_main.c: 235:     PORTB = 0x03;
  1070  003F  3003               	movlw	3
  1071  0040  1283               	bcf	3,5	;RP0=0, select bank0
  1072  0041  1303               	bcf	3,6	;RP1=0, select bank0
  1073  0042  0086               	movwf	6	;volatile
  1074  0043                     l1018:
  1075                           
  1076                           ;lab1_main.c: 236:     PORTA = 0x00;
  1077  0043  0185               	clrf	5	;volatile
  1078  0044                     l1020:
  1079                           
  1080                           ;lab1_main.c: 237:     PORTC = 0x00;
  1081  0044  0187               	clrf	7	;volatile
  1082  0045                     l1022:
  1083                           
  1084                           ;lab1_main.c: 238:     PORTD = 0x00;
  1085  0045  0188               	clrf	8	;volatile
  1086                           
  1087                           ;lab1_main.c: 239:     PORTE = 0x01;
  1088  0046  3001               	movlw	1
  1089  0047  0089               	movwf	9	;volatile
  1090  0048                     l1024:
  1091                           
  1092                           ;lab1_main.c: 242:     ADCON1bits.ADFM = 0;
  1093  0048  1683               	bsf	3,5	;RP0=1, select bank1
  1094  0049  1303               	bcf	3,6	;RP1=0, select bank1
  1095  004A  139F               	bcf	31,7	;volatile
  1096  004B                     l1026:
  1097                           
  1098                           ;lab1_main.c: 243:     ADCON1bits.VCFG0 = 0;
  1099  004B  121F               	bcf	31,4	;volatile
  1100  004C                     l1028:
  1101                           
  1102                           ;lab1_main.c: 244:     ADCON1bits.VCFG1 = 0;
  1103  004C  129F               	bcf	31,5	;volatile
  1104  004D                     l1030:
  1105                           
  1106                           ;lab1_main.c: 246:     ADCON0bits.ADCS = 0b10;
  1107  004D  1283               	bcf	3,5	;RP0=0, select bank0
  1108  004E  1303               	bcf	3,6	;RP1=0, select bank0
  1109  004F  081F               	movf	31,w	;volatile
  1110  0050  393F               	andlw	-193
  1111  0051  3880               	iorlw	128
  1112  0052  009F               	movwf	31	;volatile
  1113  0053                     l1032:
  1114                           
  1115                           ;lab1_main.c: 247:     ADCON0bits.CHS = 0;
  1116  0053  30C3               	movlw	-61
  1117  0054  059F               	andwf	31,f	;volatile
  1118                           
  1119                           ;lab1_main.c: 248:     _delay((unsigned long)((50)*(4000000/4000000.0)));
  1120  0055  300F               	movlw	15
  1121  0056  1283               	bcf	3,5	;RP0=0, select bank0
  1122  0057  1303               	bcf	3,6	;RP1=0, select bank0
  1123  0058  00B7               	movwf	??_config_io
  1124  0059                     u177:
  1125  0059  0BB7               	decfsz	??_config_io,f
  1126  005A  2859               	goto	u177
  1127  005B  285C               	nop2
  1128  005C                     l1034:
  1129                           
  1130                           ;lab1_main.c: 249:     ADCON0bits.ADON = 1;
  1131  005C  1283               	bcf	3,5	;RP0=0, select bank0
  1132  005D  1303               	bcf	3,6	;RP1=0, select bank0
  1133  005E  141F               	bsf	31,0	;volatile
  1134  005F                     l141:
  1135  005F  0008               	return
  1136  0060                     __end_of_config_io:
  1137                           
  1138                           	psect	text6
  1139  0146                     __ptext6:	
  1140 ;; *************** function _config_int_enable *****************
  1141 ;; Defined at:
  1142 ;;		line 255 in file "lab1_main.c"
  1143 ;; Parameters:    Size  Location     Type
  1144 ;;		None
  1145 ;; Auto vars:     Size  Location     Type
  1146 ;;		None
  1147 ;; Return value:  Size  Location     Type
  1148 ;;                  1    wreg      void 
  1149 ;; Registers used:
  1150 ;;		wreg
  1151 ;; Tracked objects:
  1152 ;;		On entry : 0/0
  1153 ;;		On exit  : 0/0
  1154 ;;		Unchanged: 0/0
  1155 ;; Data sizes:     COMMON   BANK0   BANK1   BANK3   BANK2
  1156 ;;      Params:         0       0       0       0       0
  1157 ;;      Locals:         0       0       0       0       0
  1158 ;;      Temps:          0       0       0       0       0
  1159 ;;      Totals:         0       0       0       0       0
  1160 ;;Total ram usage:        0 bytes
  1161 ;; Hardware stack levels used:    1
  1162 ;; Hardware stack levels required when called:    2
  1163 ;; This function calls:
  1164 ;;		Nothing
  1165 ;; This function is called by:
  1166 ;;		_setup
  1167 ;; This function uses a non-reentrant model
  1168 ;;
  1169                           
  1170                           
  1171                           ;psect for function _config_int_enable
  1172  0146                     _config_int_enable:
  1173  0146                     l938:	
  1174                           ;incstack = 0
  1175                           ; Regs used in _config_int_enable: [wreg]
  1176                           
  1177                           
  1178                           ;lab1_main.c: 257:     INTCONbits.GIE = 1;
  1179  0146  178B               	bsf	11,7	;volatile
  1180                           
  1181                           ;lab1_main.c: 258:     INTCONbits.PEIE = 1;
  1182  0147  170B               	bsf	11,6	;volatile
  1183                           
  1184                           ;lab1_main.c: 260:     INTCONbits.RBIE = 1;
  1185  0148  158B               	bsf	11,3	;volatile
  1186                           
  1187                           ;lab1_main.c: 261:     INTCONbits.RBIF = 0;
  1188  0149  100B               	bcf	11,0	;volatile
  1189                           
  1190                           ;lab1_main.c: 263:     PIE1bits.ADIE = 1;
  1191  014A  1683               	bsf	3,5	;RP0=1, select bank1
  1192  014B  1303               	bcf	3,6	;RP1=0, select bank1
  1193  014C  170C               	bsf	12,6	;volatile
  1194                           
  1195                           ;lab1_main.c: 264:     PIR1bits.ADIF = 0;
  1196  014D  1283               	bcf	3,5	;RP0=0, select bank0
  1197  014E  1303               	bcf	3,6	;RP1=0, select bank0
  1198  014F  130C               	bcf	12,6	;volatile
  1199                           
  1200                           ;lab1_main.c: 266:     INTCONbits.T0IE = 1;
  1201  0150  168B               	bsf	11,5	;volatile
  1202                           
  1203                           ;lab1_main.c: 267:     INTCONbits.T0IF = 0;
  1204  0151  110B               	bcf	11,2	;volatile
  1205  0152                     l940:
  1206                           
  1207                           ;lab1_main.c: 270:     IOCB = 0x07;
  1208  0152  3007               	movlw	7
  1209  0153  1683               	bsf	3,5	;RP0=1, select bank1
  1210  0154  1303               	bcf	3,6	;RP1=0, select bank1
  1211  0155  0096               	movwf	22	;volatile
  1212  0156                     l942:
  1213                           
  1214                           ;lab1_main.c: 272:     INTCONbits.RBIF = 0;
  1215  0156  100B               	bcf	11,0	;volatile
  1216  0157                     l144:
  1217  0157  0008               	return
  1218  0158                     __end_of_config_int_enable:
  1219                           
  1220                           	psect	text7
  1221  0060                     __ptext7:	
  1222 ;; *************** function _contador *****************
  1223 ;; Defined at:
  1224 ;;		line 138 in file "lab1_main.c"
  1225 ;; Parameters:    Size  Location     Type
  1226 ;;		None
  1227 ;; Auto vars:     Size  Location     Type
  1228 ;;		None
  1229 ;; Return value:  Size  Location     Type
  1230 ;;                  1    wreg      void 
  1231 ;; Registers used:
  1232 ;;		wreg, fsr0l, fsr0h, status,2, status,0, pclath, cstack
  1233 ;; Tracked objects:
  1234 ;;		On entry : 0/0
  1235 ;;		On exit  : 0/0
  1236 ;;		Unchanged: 0/0
  1237 ;; Data sizes:     COMMON   BANK0   BANK1   BANK3   BANK2
  1238 ;;      Params:         0       0       0       0       0
  1239 ;;      Locals:         0       0       0       0       0
  1240 ;;      Temps:          0       2       0       0       0
  1241 ;;      Totals:         0       2       0       0       0
  1242 ;;Total ram usage:        2 bytes
  1243 ;; Hardware stack levels used:    1
  1244 ;; Hardware stack levels required when called:    3
  1245 ;; This function calls:
  1246 ;;		_display_hex
  1247 ;; This function is called by:
  1248 ;;		_main
  1249 ;; This function uses a non-reentrant model
  1250 ;;
  1251                           
  1252                           
  1253                           ;psect for function _contador
  1254  0060                     _contador:
  1255  0060                     l1062:	
  1256                           ;incstack = 0
  1257                           ; Regs used in _contador: [wreg-fsr0h+status,2+status,0+pclath+cstack]
  1258                           
  1259                           
  1260                           ;lab1_main.c: 140:     nibble_superior = var_temp & 0xF0;
  1261  0060  0875               	movf	_var_temp,w
  1262  0061  39F0               	andlw	240
  1263  0062  1283               	bcf	3,5	;RP0=0, select bank0
  1264  0063  1303               	bcf	3,6	;RP1=0, select bank0
  1265  0064  00B9               	movwf	??_contador
  1266  0065  0839               	movf	??_contador,w
  1267  0066  00F1               	movwf	_nibble_superior
  1268  0067                     l1064:
  1269                           
  1270                           ;lab1_main.c: 141:     nibble_superior = nibble_superior >> 4;
  1271  0067  0871               	movf	_nibble_superior,w
  1272  0068  00B9               	movwf	??_contador
  1273  0069  3004               	movlw	4
  1274  006A                     u145:
  1275  006A  1003               	clrc
  1276  006B  0CB9               	rrf	??_contador,f
  1277  006C  3EFF               	addlw	-1
  1278  006D  1D03               	skipz
  1279  006E  286A               	goto	u145
  1280  006F  0839               	movf	??_contador,w
  1281  0070  00BA               	movwf	??_contador+1
  1282  0071  083A               	movf	??_contador+1,w
  1283  0072  00F1               	movwf	_nibble_superior
  1284  0073                     l1066:
  1285                           
  1286                           ;lab1_main.c: 142:     nibble_inferior = var_temp & 0x0F;
  1287  0073  0875               	movf	_var_temp,w
  1288  0074  390F               	andlw	15
  1289  0075  00B9               	movwf	??_contador
  1290  0076  0839               	movf	??_contador,w
  1291  0077  00F2               	movwf	_nibble_inferior
  1292  0078                     l1068:
  1293                           
  1294                           ;lab1_main.c: 145:     dec_display = display_hex(nibble_inferior);
  1295  0078  0872               	movf	_nibble_inferior,w
  1296  0079  120A  118A  2175  120A  118A  	fcall	_display_hex
  1297  007E  1283               	bcf	3,5	;RP0=0, select bank0
  1298  007F  1303               	bcf	3,6	;RP1=0, select bank0
  1299  0080  00B9               	movwf	??_contador
  1300  0081  0839               	movf	??_contador,w
  1301  0082  00F4               	movwf	_dec_display
  1302  0083                     l1070:
  1303                           
  1304                           ;lab1_main.c: 146:     cen_display = display_hex(nibble_superior);
  1305  0083  0871               	movf	_nibble_superior,w
  1306  0084  120A  118A  2175  120A  118A  	fcall	_display_hex
  1307  0089  1283               	bcf	3,5	;RP0=0, select bank0
  1308  008A  1303               	bcf	3,6	;RP1=0, select bank0
  1309  008B  00B9               	movwf	??_contador
  1310  008C  0839               	movf	??_contador,w
  1311  008D  00F3               	movwf	_cen_display
  1312  008E                     l116:
  1313  008E  0008               	return
  1314  008F                     __end_of_contador:
  1315                           
  1316                           	psect	text8
  1317  0175                     __ptext8:	
  1318 ;; *************** function _display_hex *****************
  1319 ;; Defined at:
  1320 ;;		line 12 in file "my_display.c"
  1321 ;; Parameters:    Size  Location     Type
  1322 ;;  var_temp        1    wreg     unsigned char 
  1323 ;; Auto vars:     Size  Location     Type
  1324 ;;  var_temp        1    1[BANK0 ] unsigned char 
  1325 ;; Return value:  Size  Location     Type
  1326 ;;                  1    wreg      unsigned char 
  1327 ;; Registers used:
  1328 ;;		wreg, fsr0l, fsr0h, status,2, status,0
  1329 ;; Tracked objects:
  1330 ;;		On entry : 0/0
  1331 ;;		On exit  : 0/0
  1332 ;;		Unchanged: 0/0
  1333 ;; Data sizes:     COMMON   BANK0   BANK1   BANK3   BANK2
  1334 ;;      Params:         0       0       0       0       0
  1335 ;;      Locals:         0       1       0       0       0
  1336 ;;      Temps:          0       1       0       0       0
  1337 ;;      Totals:         0       2       0       0       0
  1338 ;;Total ram usage:        2 bytes
  1339 ;; Hardware stack levels used:    1
  1340 ;; Hardware stack levels required when called:    2
  1341 ;; This function calls:
  1342 ;;		Nothing
  1343 ;; This function is called by:
  1344 ;;		_contador
  1345 ;; This function uses a non-reentrant model
  1346 ;;
  1347                           
  1348                           
  1349                           ;psect for function _display_hex
  1350  0175                     _display_hex:
  1351                           
  1352                           ;incstack = 0
  1353                           ; Regs used in _display_hex: [wreg-fsr0h+status,2+status,0]
  1354                           ;display_hex@var_temp stored from wreg
  1355  0175  1283               	bcf	3,5	;RP0=0, select bank0
  1356  0176  1303               	bcf	3,6	;RP1=0, select bank0
  1357  0177  00B8               	movwf	display_hex@var_temp
  1358  0178                     l1038:
  1359                           
  1360                           ;my_display.c: 15:     display_1 = tabla[var_temp];
  1361  0178  0838               	movf	display_hex@var_temp,w
  1362  0179  3E20               	addlw	(low (_tabla| 0))& (0+255)
  1363  017A  0084               	movwf	4
  1364  017B  1383               	bcf	3,7	;select IRP bank0
  1365  017C  0800               	movf	0,w
  1366  017D  00B7               	movwf	??_display_hex
  1367  017E  0837               	movf	??_display_hex,w
  1368  017F  00B0               	movwf	_display_1
  1369  0180                     l1040:
  1370                           
  1371                           ;my_display.c: 18:     return display_1;
  1372  0180  0830               	movf	_display_1,w
  1373  0181                     l162:
  1374  0181  0008               	return
  1375  0182                     __end_of_display_hex:
  1376                           
  1377                           	psect	text9
  1378  00B4                     __ptext9:	
  1379 ;; *************** function _isr *****************
  1380 ;; Defined at:
  1381 ;;		line 152 in file "lab1_main.c"
  1382 ;; Parameters:    Size  Location     Type
  1383 ;;		None
  1384 ;; Auto vars:     Size  Location     Type
  1385 ;;		None
  1386 ;; Return value:  Size  Location     Type
  1387 ;;                  1    wreg      void 
  1388 ;; Registers used:
  1389 ;;		wreg, status,2, status,0, pclath, cstack
  1390 ;; Tracked objects:
  1391 ;;		On entry : 0/0
  1392 ;;		On exit  : 0/0
  1393 ;;		Unchanged: 0/0
  1394 ;; Data sizes:     COMMON   BANK0   BANK1   BANK3   BANK2
  1395 ;;      Params:         0       0       0       0       0
  1396 ;;      Locals:         0       0       0       0       0
  1397 ;;      Temps:          3       0       0       0       0
  1398 ;;      Totals:         3       0       0       0       0
  1399 ;;Total ram usage:        3 bytes
  1400 ;; Hardware stack levels used:    1
  1401 ;; Hardware stack levels required when called:    1
  1402 ;; This function calls:
  1403 ;;		_IOCB_interrupt
  1404 ;;		_TMR0_interrupt
  1405 ;; This function is called by:
  1406 ;;		Interrupt level 1
  1407 ;; This function uses a non-reentrant model
  1408 ;;
  1409                           
  1410                           
  1411                           ;psect for function _isr
  1412  00B4                     _isr:
  1413  00B4                     i1l888:
  1414                           
  1415                           ;lab1_main.c: 154:     if (INTCONbits.T0IF){
  1416  00B4  1D0B               	btfss	11,2	;volatile
  1417  00B5  28B7               	goto	u7_21
  1418  00B6  28B8               	goto	u7_20
  1419  00B7                     u7_21:
  1420  00B7  28BD               	goto	i1l892
  1421  00B8                     u7_20:
  1422  00B8                     i1l890:
  1423                           
  1424                           ;lab1_main.c: 155:         TMR0_interrupt();
  1425  00B8  120A  118A  20F3  120A  118A  	fcall	_TMR0_interrupt
  1426  00BD                     i1l892:
  1427                           
  1428                           ;lab1_main.c: 157:     if (PIR1bits.ADIF){
  1429  00BD  1283               	bcf	3,5	;RP0=0, select bank0
  1430  00BE  1303               	bcf	3,6	;RP1=0, select bank0
  1431  00BF  1F0C               	btfss	12,6	;volatile
  1432  00C0  28C2               	goto	u8_21
  1433  00C1  28C3               	goto	u8_20
  1434  00C2                     u8_21:
  1435  00C2  28C8               	goto	i1l898
  1436  00C3                     u8_20:
  1437  00C3                     i1l894:
  1438                           
  1439                           ;lab1_main.c: 160:         var_temp = ADRESH;
  1440  00C3  081E               	movf	30,w	;volatile
  1441  00C4  00F7               	movwf	??_isr
  1442  00C5  0877               	movf	??_isr,w
  1443  00C6  00F5               	movwf	_var_temp
  1444  00C7                     i1l896:
  1445                           
  1446                           ;lab1_main.c: 162:         PIR1bits.ADIF = 0;
  1447  00C7  130C               	bcf	12,6	;volatile
  1448  00C8                     i1l898:
  1449                           
  1450                           ;lab1_main.c: 164:     if(INTCONbits.RBIF){
  1451  00C8  1C0B               	btfss	11,0	;volatile
  1452  00C9  28CB               	goto	u9_21
  1453  00CA  28CC               	goto	u9_20
  1454  00CB                     u9_21:
  1455  00CB  28D1               	goto	i1l124
  1456  00CC                     u9_20:
  1457  00CC                     i1l900:
  1458                           
  1459                           ;lab1_main.c: 165:         IOCB_interrupt();
  1460  00CC  120A  118A  2133  120A  118A  	fcall	_IOCB_interrupt
  1461  00D1                     i1l124:
  1462  00D1  0879               	movf	??_isr+2,w
  1463  00D2  008A               	movwf	10
  1464  00D3  0E78               	swapf	??_isr+1,w
  1465  00D4  0083               	movwf	3
  1466  00D5  0EFE               	swapf	btemp,f
  1467  00D6  0E7E               	swapf	btemp,w
  1468  00D7  0009               	retfie
  1469  00D8                     __end_of_isr:
  1470                           
  1471                           	psect	intentry
  1472  0004                     __pintentry:	
  1473                           ;incstack = 0
  1474                           ; Regs used in _isr: [wreg+status,2+status,0+pclath+cstack]
  1475                           
  1476  0004                     interrupt_function:
  1477  007E                     saved_w	set	btemp
  1478  0004  00FE               	movwf	btemp
  1479  0005  0E03               	swapf	3,w
  1480  0006  00F8               	movwf	??_isr+1
  1481  0007  080A               	movf	10,w
  1482  0008  00F9               	movwf	??_isr+2
  1483  0009  120A  118A  28B4   	ljmp	_isr
  1484                           
  1485                           	psect	text10
  1486  00F3                     __ptext10:	
  1487 ;; *************** function _TMR0_interrupt *****************
  1488 ;; Defined at:
  1489 ;;		line 171 in file "lab1_main.c"
  1490 ;; Parameters:    Size  Location     Type
  1491 ;;		None
  1492 ;; Auto vars:     Size  Location     Type
  1493 ;;		None
  1494 ;; Return value:  Size  Location     Type
  1495 ;;                  1    wreg      void 
  1496 ;; Registers used:
  1497 ;;		wreg, status,2, status,0
  1498 ;; Tracked objects:
  1499 ;;		On entry : 0/0
  1500 ;;		On exit  : 0/0
  1501 ;;		Unchanged: 0/0
  1502 ;; Data sizes:     COMMON   BANK0   BANK1   BANK3   BANK2
  1503 ;;      Params:         0       0       0       0       0
  1504 ;;      Locals:         0       0       0       0       0
  1505 ;;      Temps:          1       0       0       0       0
  1506 ;;      Totals:         1       0       0       0       0
  1507 ;;Total ram usage:        1 bytes
  1508 ;; Hardware stack levels used:    1
  1509 ;; This function calls:
  1510 ;;		Nothing
  1511 ;; This function is called by:
  1512 ;;		_isr
  1513 ;; This function uses a non-reentrant model
  1514 ;;
  1515                           
  1516                           
  1517                           ;psect for function _TMR0_interrupt
  1518  00F3                     _TMR0_interrupt:
  1519  00F3                     i1l840:	
  1520                           ;incstack = 0
  1521                           ; Regs used in _TMR0_interrupt: [wreg+status,2+status,0]
  1522                           
  1523                           
  1524                           ;lab1_main.c: 173:     PORTE = 0x00;
  1525  00F3  1283               	bcf	3,5	;RP0=0, select bank0
  1526  00F4  1303               	bcf	3,6	;RP1=0, select bank0
  1527  00F5  0189               	clrf	9	;volatile
  1528  00F6                     i1l842:
  1529                           
  1530                           ;lab1_main.c: 179:     if(bandera_disp == 0){
  1531  00F6  0870               	movf	_bandera_disp,w
  1532  00F7  1D03               	btfss	3,2
  1533  00F8  28FA               	goto	u3_21
  1534  00F9  28FB               	goto	u3_20
  1535  00FA                     u3_21:
  1536  00FA  2903               	goto	i1l850
  1537  00FB                     u3_20:
  1538  00FB                     i1l844:
  1539                           
  1540                           ;lab1_main.c: 180:         PORTD = dec_display;
  1541  00FB  0874               	movf	_dec_display,w
  1542  00FC  0088               	movwf	8	;volatile
  1543  00FD                     i1l846:
  1544                           
  1545                           ;lab1_main.c: 181:         PORTEbits.RE1 = 1;
  1546  00FD  1489               	bsf	9,1	;volatile
  1547  00FE                     i1l848:
  1548                           
  1549                           ;lab1_main.c: 182:         bandera_disp++;
  1550  00FE  3001               	movlw	1
  1551  00FF  00F6               	movwf	??_TMR0_interrupt
  1552  0100  0876               	movf	??_TMR0_interrupt,w
  1553  0101  07F0               	addwf	_bandera_disp,f
  1554                           
  1555                           ;lab1_main.c: 183:     }else {
  1556  0102  2907               	goto	i1l856
  1557  0103                     i1l850:
  1558                           
  1559                           ;lab1_main.c: 184:         PORTD = cen_display;
  1560  0103  0873               	movf	_cen_display,w
  1561  0104  0088               	movwf	8	;volatile
  1562  0105                     i1l852:
  1563                           
  1564                           ;lab1_main.c: 185:         PORTEbits.RE2 = 1;
  1565  0105  1509               	bsf	9,2	;volatile
  1566  0106                     i1l854:
  1567                           
  1568                           ;lab1_main.c: 186:         bandera_disp = 0;
  1569  0106  01F0               	clrf	_bandera_disp
  1570  0107                     i1l856:
  1571                           
  1572                           ;lab1_main.c: 190:     TMR0 = 235;
  1573  0107  30EB               	movlw	235
  1574  0108  0081               	movwf	1	;volatile
  1575  0109                     i1l858:
  1576                           
  1577                           ;lab1_main.c: 191:     INTCONbits.T0IF = 0;
  1578  0109  110B               	bcf	11,2	;volatile
  1579  010A                     i1l129:
  1580  010A  0008               	return
  1581  010B                     __end_of_TMR0_interrupt:
  1582                           
  1583                           	psect	text11
  1584  0133                     __ptext11:	
  1585 ;; *************** function _IOCB_interrupt *****************
  1586 ;; Defined at:
  1587 ;;		line 196 in file "lab1_main.c"
  1588 ;; Parameters:    Size  Location     Type
  1589 ;;		None
  1590 ;; Auto vars:     Size  Location     Type
  1591 ;;		None
  1592 ;; Return value:  Size  Location     Type
  1593 ;;                  1    wreg      void 
  1594 ;; Registers used:
  1595 ;;		wreg, status,2, status,0
  1596 ;; Tracked objects:
  1597 ;;		On entry : 0/0
  1598 ;;		On exit  : 0/0
  1599 ;;		Unchanged: 0/0
  1600 ;; Data sizes:     COMMON   BANK0   BANK1   BANK3   BANK2
  1601 ;;      Params:         0       0       0       0       0
  1602 ;;      Locals:         0       0       0       0       0
  1603 ;;      Temps:          1       0       0       0       0
  1604 ;;      Totals:         1       0       0       0       0
  1605 ;;Total ram usage:        1 bytes
  1606 ;; Hardware stack levels used:    1
  1607 ;; This function calls:
  1608 ;;		Nothing
  1609 ;; This function is called by:
  1610 ;;		_isr
  1611 ;; This function uses a non-reentrant model
  1612 ;;
  1613                           
  1614                           
  1615                           ;psect for function _IOCB_interrupt
  1616  0133                     _IOCB_interrupt:
  1617  0133                     i1l862:	
  1618                           ;incstack = 0
  1619                           ; Regs used in _IOCB_interrupt: [wreg+status,2+status,0]
  1620                           
  1621                           
  1622                           ;lab1_main.c: 198:     if (PORTBbits.RB0 == 0){
  1623  0133  1283               	bcf	3,5	;RP0=0, select bank0
  1624  0134  1303               	bcf	3,6	;RP1=0, select bank0
  1625  0135  1806               	btfsc	6,0	;volatile
  1626  0136  2938               	goto	u4_21
  1627  0137  2939               	goto	u4_20
  1628  0138                     u4_21:
  1629  0138  293E               	goto	i1l132
  1630  0139                     u4_20:
  1631  0139                     i1l864:
  1632                           
  1633                           ;lab1_main.c: 199:         PORTC++;
  1634  0139  3001               	movlw	1
  1635  013A  00F6               	movwf	??_IOCB_interrupt
  1636  013B  0876               	movf	??_IOCB_interrupt,w
  1637  013C  0787               	addwf	7,f	;volatile
  1638                           
  1639                           ;lab1_main.c: 200:     }else if (PORTBbits.RB1 == 0){
  1640  013D  2944               	goto	i1l868
  1641  013E                     i1l132:
  1642  013E  1886               	btfsc	6,1	;volatile
  1643  013F  2941               	goto	u5_21
  1644  0140  2942               	goto	u5_20
  1645  0141                     u5_21:
  1646  0141  2944               	goto	i1l868
  1647  0142                     u5_20:
  1648  0142                     i1l866:
  1649                           
  1650                           ;lab1_main.c: 201:         PORTC--;
  1651  0142  3001               	movlw	1
  1652  0143  0287               	subwf	7,f	;volatile
  1653  0144                     i1l868:
  1654                           
  1655                           ;lab1_main.c: 204:     INTCONbits.RBIF = 0;
  1656  0144  100B               	bcf	11,0	;volatile
  1657  0145                     i1l135:
  1658  0145  0008               	return
  1659  0146                     __end_of_IOCB_interrupt:
  1660  007E                     btemp	set	126	;btemp
  1661  007E                     wtemp0	set	126
  1662                           
  1663                           	psect	config
  1664                           
  1665                           ;Config register CONFIG1 @ 0x2007
  1666                           ;	Oscillator Selection bits
  1667                           ;	FOSC = INTRC_NOCLKOUT, INTOSCIO oscillator: I/O function on RA6/OSC2/CLKOUT pin, I/O f
      +                          unction on RA7/OSC1/CLKIN
  1668                           ;	Watchdog Timer Enable bit
  1669                           ;	WDTE = OFF, WDT disabled and can be enabled by SWDTEN bit of the WDTCON register
  1670                           ;	Power-up Timer Enable bit
  1671                           ;	PWRTE = ON, PWRT enabled
  1672                           ;	RE3/MCLR pin function select bit
  1673                           ;	MCLRE = OFF, RE3/MCLR pin function is digital input, MCLR internally tied to VDD
  1674                           ;	Code Protection bit
  1675                           ;	CP = OFF, Program memory code protection is disabled
  1676                           ;	Data Code Protection bit
  1677                           ;	CPD = OFF, Data memory code protection is disabled
  1678                           ;	Brown Out Reset Selection bits
  1679                           ;	BOREN = OFF, BOR disabled
  1680                           ;	Internal External Switchover bit
  1681                           ;	IESO = OFF, Internal/External Switchover mode is disabled
  1682                           ;	Fail-Safe Clock Monitor Enabled bit
  1683                           ;	FCMEN = OFF, Fail-Safe Clock Monitor is disabled
  1684                           ;	Low Voltage Programming Enable bit
  1685                           ;	LVP = ON, RB3/PGM pin has PGM function, low voltage programming enabled
  1686                           ;	In-Circuit Debugger Mode bit
  1687                           ;	DEBUG = 0x1, unprogrammed default
  1688  2007                     	org	8199
  1689  2007  30C4               	dw	12484
  1690                           
  1691                           ;Config register CONFIG2 @ 0x2008
  1692                           ;	Brown-out Reset Selection bit
  1693                           ;	BOR4V = BOR40V, Brown-out Reset set to 4.0V
  1694                           ;	Flash Program Memory Self Write Enable bits
  1695                           ;	WRT = OFF, Write protection off
  1696  2008                     	org	8200
  1697  2008  3FFF               	dw	16383

Data Sizes:
    Strings     0
    Constant    0
    Data        16
    BSS         13
    Persistent  0
    Stack       0

Auto Spaces:
    Space          Size  Autos    Used
    COMMON           14      4      10
    BANK0            80      4      27
    BANK1            80      0       0
    BANK3            96      0       0
    BANK2            96      0       0

Pointer List with Targets:

    None.

Critical Paths under _main in COMMON

    None.

Critical Paths under _isr in COMMON

    _isr->_IOCB_interrupt
    _isr->_TMR0_interrupt

Critical Paths under _main in BANK0

    _main->_contador
    _setup->_config_io
    _contador->_display_hex

Critical Paths under _isr in BANK0

    None.

Critical Paths under _main in BANK1

    None.

Critical Paths under _isr in BANK1

    None.

Critical Paths under _main in BANK3

    None.

Critical Paths under _isr in BANK3

    None.

Critical Paths under _main in BANK2

    None.

Critical Paths under _isr in BANK2

    None.

Call Graph Tables:

 ---------------------------------------------------------------------------------
 (Depth) Function   	        Calls       Base Space   Used Autos Params    Refs
 ---------------------------------------------------------------------------------
 (0) _main                                                 0     0      0      62
                           _contador
                              _setup
                          _start_ADC
 ---------------------------------------------------------------------------------
 (1) _start_ADC                                            2     2      0      31
                                              0 BANK0      2     2      0
 ---------------------------------------------------------------------------------
 (1) _setup                                                0     0      0       0
                  _config_int_enable
                          _config_io
                       _config_reloj
                      _config_timer0
 ---------------------------------------------------------------------------------
 (2) _config_timer0                                        0     0      0       0
 ---------------------------------------------------------------------------------
 (2) _config_reloj                                         0     0      0       0
 ---------------------------------------------------------------------------------
 (2) _config_io                                            1     1      0       0
                                              0 BANK0      1     1      0
 ---------------------------------------------------------------------------------
 (2) _config_int_enable                                    0     0      0       0
 ---------------------------------------------------------------------------------
 (1) _contador                                             2     2      0      31
                                              2 BANK0      2     2      0
                        _display_hex
 ---------------------------------------------------------------------------------
 (2) _display_hex                                          2     2      0      31
                                              0 BANK0      2     2      0
 ---------------------------------------------------------------------------------
 Estimated maximum stack depth 2
 ---------------------------------------------------------------------------------
 (Depth) Function   	        Calls       Base Space   Used Autos Params    Refs
 ---------------------------------------------------------------------------------
 (3) _isr                                                  3     3      0       0
                                              1 COMMON     3     3      0
                     _IOCB_interrupt
                     _TMR0_interrupt
 ---------------------------------------------------------------------------------
 (4) _TMR0_interrupt                                       1     1      0       0
                                              0 COMMON     1     1      0
 ---------------------------------------------------------------------------------
 (4) _IOCB_interrupt                                       1     1      0       0
                                              0 COMMON     1     1      0
 ---------------------------------------------------------------------------------
 Estimated maximum stack depth 4
 ---------------------------------------------------------------------------------

 Call Graph Graphs:

 _main (ROOT)
   _contador
     _display_hex
   _setup
     _config_int_enable
     _config_io
     _config_reloj
     _config_timer0
   _start_ADC

 _isr (ROOT)
   _IOCB_interrupt
   _TMR0_interrupt

 Address spaces:
Name               Size   Autos  Total    Cost      Usage
BANK3               60      0       0       9        0.0%
BITBANK3            60      0       0       8        0.0%
SFR3                 0      0       0       4        0.0%
BITSFR3              0      0       0       4        0.0%
BANK2               60      0       0      11        0.0%
BITBANK2            60      0       0      10        0.0%
SFR2                 0      0       0       5        0.0%
BITSFR2              0      0       0       5        0.0%
BANK1               50      0       0       7        0.0%
BITBANK1            50      0       0       6        0.0%
SFR1                 0      0       0       2        0.0%
BITSFR1              0      0       0       2        0.0%
BANK0               50      4      1B       5       33.8%
BITBANK0            50      0       0       4        0.0%
SFR0                 0      0       0       1        0.0%
BITSFR0              0      0       0       1        0.0%
COMMON               E      4       A       1       71.4%
BITCOMMON            E      0       0       0        0.0%
CODE                 0      0       0       0        0.0%
DATA                 0      0      25      12        0.0%
ABS                  0      0      25       3        0.0%
NULL                 0      0       0       0        0.0%
STACK                0      0       0       2        0.0%
EEDATA             100      0       0       0        0.0%


Microchip Technology PIC Macro Assembler V2.31 build 20201012212115 
Symbol Table                                                                                   Tue Jul 20 21:06:30 2021

          ??_TMR0_interrupt 0076                           pc 0002                ?_display_hex 0076  
                        fsr 0004                         l113 011F                         l116 008E  
                       l141 005F                         l144 0157                         l162 0181  
                       l138 0188                         l147 0174                         l155 00F2  
                       l902 0182                         l940 0152                         l942 0156  
                       l950 0173                         l938 0146                         l946 0168  
                       l948 016F                         u130 00DF                         u131 00DE  
                       u150 009F                         u151 009E                         u145 006A  
                       u167 00EC                         u177 0059                         _isr 00B4  
                       fsr0 0004                         indf 0000  __size_of_config_int_enable 0012  
                      l1010 003A                        l1020 0044                        l1012 003C  
                      l1004 002E                        l1030 004D                        l1022 0045  
                      l1014 003D                        l1006 0032                        l1040 0180  
                      l1032 0053                        l1024 0048                        l1016 003F  
                      l1008 0033                        l1034 005C                        l1026 004B  
                      l1018 0043                        l1050 011A                        l1028 004C  
                      l1044 010B                        l1060 00EF                        l1038 0178  
                      l1070 0083                        l1062 0060                        l1046 0110  
                      l1054 00DB                        l1064 0067                        l1048 0115  
                      l1056 00DF                        l1080 00A3                        l1072 008F  
                      l1066 0073                        l1058 00E8                        l1082 00A4  
                      l1074 0094                        l1068 0078                        l1084 00A5  
                      l1076 0097                        l1086 00AB                        l1078 009F  
                      ?_isr 0076                        _IOCB 0096                        _TMR0 0001  
                      _WPUB 0095                        u3_20 00FB                        u3_21 00FA  
                      u4_20 0139                        u4_21 0138                        u5_20 0142  
                      u5_21 0141                        u7_20 00B8                        u7_21 00B7  
                      u8_20 00C3                        u8_21 00C2                        u9_20 00CC  
                      u9_21 00CB                        _main 008F                        btemp 007E  
            ??_config_reloj 007A                        start 000C              _IOCB_interrupt 0133  
                     ??_isr 0077                       ?_main 0076                       _ANSEL 0188  
                     i1l132 013E                       i1l124 00D1                       i1l135 0145  
                     i1l129 010A                       i1l900 00CC                       i1l840 00F3  
                     i1l850 0103                       i1l842 00F6                       i1l852 0105  
                     i1l844 00FB                       i1l862 0133                       i1l854 0106  
                     i1l846 00FD                       i1l864 0139                       i1l856 0107  
                     i1l848 00FE                       i1l866 0142                       i1l858 0109  
                     i1l890 00B8                       i1l868 0144                       i1l892 00BD  
                     i1l894 00C3                       i1l896 00C7                       i1l888 00B4  
                     i1l898 00C8                       _PORTA 0005                       _PORTB 0006  
                     _PORTC 0007                       _PORTD 0008                       _PORTE 0009  
                     _TRISA 0085                       _TRISB 0086                       _TRISC 0087  
                     _TRISD 0088                       _TRISE 0089                       _tabla 0020  
                     _setup 010B                       pclath 000A                       status 0003  
           ??_config_timer0 007A                       wtemp0 007E      __end_of_IOCB_interrupt 0146  
           __initialization 000F                __end_of_main 00B4                      ??_main 007A  
                    _ADRESH 001E                      ?_setup 0076                      _ANSELH 0189  
              _bandera_disp 0070             ?_IOCB_interrupt 0076            __end_of_contador 008F  
      __size_of_display_hex 000D        __end_of_config_reloj 0189                      saved_w 007E  
              _decenas_temp 0036     __end_of__initialization 002A              __pcstackCOMMON 0076  
              __pidataBANK0 0158               __end_of_setup 0120              _OPTION_REGbits 0081  
        __size_of_config_io 0032                     ??_setup 007A                  __pbssBANK0 0030  
                __pmaintext 008F                  __pintentry 0004          __size_of_start_ADC 001B  
                 ?_contador 0076           __end_of_config_io 0060                     _bandera 0031  
                   _decenas 0034       __size_of_config_reloj 0007                     __ptext1 00D8  
                   __ptext2 010B                     __ptext3 0168                     __ptext4 0182  
                   __ptext5 002E                     __ptext6 0146                     __ptext7 0060  
                   __ptext8 0175                     __ptext9 00B4                __size_of_isr 0024  
   __size_of_TMR0_interrupt 0018        end_of_initialization 002A                  ??_contador 0039  
          ??_IOCB_interrupt 0076       __end_of_config_timer0 0175                _config_reloj 0182  
         __end_of_start_ADC 00F3                   _PORTAbits 0005                   _PORTBbits 0006  
                 _PORTEbits 0009            start_ADC@channel 0038               ??_display_hex 0037  
       start_initialization 000F                 __end_of_isr 00D8                 _bandera_tit 0032  
               _dec_display 0074                  init_fetch0 0120                 __pdataBANK0 0020  
            _TMR0_interrupt 00F3         __end_of_display_hex 0182                 __pbssCOMMON 0070  
                 ___latbits 0002               __pcstackBANK0 0037                 _cen_display 0073  
         __size_of_contador 002F                   _config_io 002E      __end_of_TMR0_interrupt 010B  
                 _display_1 0030              __size_of_setup 0015           interrupt_function 0004  
                  _PIE1bits 008C                    _PIR1bits 000C                 _display_hex 0175  
                ?_config_io 0076             ?_TMR0_interrupt 0076                   _start_ADC 00D8  
                _ADCON0bits 001F                  _ADCON1bits 009F         display_hex@var_temp 0038  
                ?_start_ADC 0076      __size_of_config_timer0 000D                    _centenas 0033  
                  __ptext10 00F3                    __ptext11 0133           _config_int_enable 0146  
                  _contador 0060          ?_config_int_enable 0076               __size_of_main 0025  
       ??_config_int_enable 007A                    _var_temp 0075     __size_of_IOCB_interrupt 0013  
                  _unidades 0035                 ??_config_io 0037                  _INTCONbits 000B  
 __end_of_config_int_enable 0158                    init_ram0 0124                    intlevel1 0000  
                _OSCCONbits 008F               _config_timer0 0168                 ??_start_ADC 0037  
           _nibble_inferior 0072             _nibble_superior 0071              ?_config_timer0 0076  
             ?_config_reloj 0076  
